2025-06-09 10:32:04,632 - root - INFO - TotalSeg: 5
2025-06-09 10:32:04,632 - root - INFO - segment is 1 start time is None endtime is None
2025-06-09 10:32:05,142 - root - INFO - Entering Fire function with parameters RunID:198, Seg:1,
              TargetTmp:125, Rate:44, HoldMin:0, Window:30
           
2025-06-09 10:32:05,143 - root - DEBUG - ==>Relay Off before reading temp
2025-06-09 10:32:05,311 - root - INFO - Thermocouple fault: {'cj_range': False, 'tc_range': False, 'cj_high': False, 'cj_low': False, 'tc_high': False, 'tc_low': False, 'voltage': False, 'open_tc': False}
2025-06-09 10:32:05,311 - root - DEBUG - ==>Relay Off before reading temp
2025-06-09 10:32:05,471 - root - INFO - Thermocouple fault: {'cj_range': False, 'tc_range': False, 'cj_high': False, 'cj_low': False, 'tc_high': False, 'tc_low': False, 'voltage': False, 'open_tc': False}
2025-06-09 10:32:05,628 - root - INFO - First pass of firing loop - TargetTmp:125.00,
                          StartTmp:22.34,RampTmp:22.71, TmpDif:102.66,
                          RampMin:139.99, Steps:279, StepTmp:0.37,
                          Window:30, StartSec:1749483125, EndSec:1749491524
                       
2025-06-09 10:32:05,628 - root - DEBUG - Entering PID update with parameters SetPoint:22.71, ProcValue:22.34, IMax:100.00, IMin:0.00,
2025-06-09 10:32:05,628 - root - DEBUG -   Window:30, Kp: 20.000, Ki: 0.200, Kd: 0.200
2025-06-09 10:32:05,628 - root - DEBUG - Exiting PID update with parameters Error:0.37, ITerm:0.07, DInput:22.34, Output:2.94
2025-06-09 10:32:05,629 - root - DEBUG - RunID 198, Segment 1 (loop 1) - RunState:Ramp,
                       ReadTmp:22.34, RampTmp:22.71, TargetTmp:125.00,
                       Output:2.94, CycleOnSec:0.88, RemainTime:2:19:59
                    
2025-06-09 10:32:05,629 - root - DEBUG - ==>Relay On
2025-06-09 10:32:06,510 - root - DEBUG - ==>Relay Off
2025-06-09 10:32:06,511 - root - DEBUG - Writing stats to Firing DB table...
2025-06-09 10:32:06,524 - root - INFO - database writing complete1
2025-06-09 10:32:06,524 - root - INFO - RunState end: Ramp
2025-06-09 10:32:35,000 - root - DEBUG - ==>Relay Off before reading temp
2025-06-09 10:32:35,166 - root - INFO - Thermocouple fault: {'cj_range': False, 'tc_range': False, 'cj_high': False, 'cj_low': False, 'tc_high': False, 'tc_low': False, 'voltage': False, 'open_tc': False}
2025-06-09 10:32:35,332 - root - DEBUG - Entering PID update with parameters SetPoint:23.08, ProcValue:22.18, IMax:100.00, IMin:0.00,
2025-06-09 10:32:35,332 - root - DEBUG -   Window:30, Kp: 20.000, Ki: 0.200, Kd: 0.200
2025-06-09 10:32:35,332 - root - DEBUG - Exiting PID update with parameters Error:0.90, ITerm:0.25, DInput:-0.16, Output:18.23
2025-06-09 10:32:35,332 - root - DEBUG - RunID 198, Segment 1 (loop 2) - RunState:Ramp,
                       ReadTmp:22.18, RampTmp:23.08, TargetTmp:125.00,
                       Output:18.23, CycleOnSec:5.47, RemainTime:2:19:29
                    
2025-06-09 10:32:35,332 - root - DEBUG - ==>Relay On
2025-06-09 10:32:40,806 - root - DEBUG - ==>Relay Off
2025-06-09 10:32:40,808 - root - DEBUG - Writing stats to Firing DB table...
2025-06-09 10:32:40,827 - root - INFO - database writing complete1
2025-06-09 10:32:40,828 - root - INFO - RunState end: Ramp
2025-06-09 10:33:05,000 - root - DEBUG - ==>Relay Off before reading temp
2025-06-09 10:33:05,166 - root - INFO - Thermocouple fault: {'cj_range': False, 'tc_range': False, 'cj_high': False, 'cj_low': False, 'tc_high': False, 'tc_low': False, 'voltage': False, 'open_tc': False}
2025-06-09 10:33:05,332 - root - DEBUG - Entering PID update with parameters SetPoint:23.44, ProcValue:22.18, IMax:100.00, IMin:0.00,
2025-06-09 10:33:05,332 - root - DEBUG -   Window:30, Kp: 20.000, Ki: 0.200, Kd: 0.200
2025-06-09 10:33:05,332 - root - DEBUG - Exiting PID update with parameters Error:1.26, ITerm:0.51, DInput:0.00, Output:25.79
2025-06-09 10:33:05,332 - root - DEBUG - RunID 198, Segment 1 (loop 3) - RunState:Ramp,
                       ReadTmp:22.18, RampTmp:23.44, TargetTmp:125.00,
                       Output:25.79, CycleOnSec:7.74, RemainTime:2:18:59
                    
2025-06-09 10:33:05,332 - root - DEBUG - ==>Relay On
2025-06-09 10:33:13,069 - root - DEBUG - ==>Relay Off
2025-06-09 10:33:13,070 - root - DEBUG - Writing stats to Firing DB table...
2025-06-09 10:33:13,081 - root - INFO - database writing complete1
2025-06-09 10:33:13,082 - root - INFO - RunState end: Ramp
2025-06-09 10:33:35,000 - root - DEBUG - ==>Relay Off before reading temp
2025-06-09 10:33:35,166 - root - INFO - Thermocouple fault: {'cj_range': False, 'tc_range': False, 'cj_high': False, 'cj_low': False, 'tc_high': False, 'tc_low': False, 'voltage': False, 'open_tc': False}
2025-06-09 10:33:35,332 - root - DEBUG - Entering PID update with parameters SetPoint:23.81, ProcValue:22.02, IMax:100.00, IMin:0.00,
2025-06-09 10:33:35,332 - root - DEBUG -   Window:30, Kp: 20.000, Ki: 0.200, Kd: 0.200
2025-06-09 10:33:35,332 - root - DEBUG - Exiting PID update with parameters Error:1.79, ITerm:0.86, DInput:-0.16, Output:36.79
2025-06-09 10:33:35,332 - root - DEBUG - RunID 198, Segment 1 (loop 4) - RunState:Ramp,
                       ReadTmp:22.02, RampTmp:23.81, TargetTmp:125.00,
                       Output:36.79, CycleOnSec:11.04, RemainTime:2:18:29
                    
2025-06-09 10:33:35,332 - root - DEBUG - ==>Relay On
2025-06-09 10:33:46,371 - root - DEBUG - ==>Relay Off
2025-06-09 10:33:46,372 - root - DEBUG - Writing stats to Firing DB table...
2025-06-09 10:33:46,384 - root - INFO - database writing complete1
2025-06-09 10:33:46,384 - root - WARNING - Profile no longer in running state - exiting firing
2025-06-09 10:33:46,384 - root - INFO - RunState end: Stopped
2025-06-09 10:33:46,384 - root - DEBUG - Update run id 198,
                                   segment 1 end time to 2025-06-09 10:33:46
                                
2025-06-09 10:33:46,385 - root - DEBUG - Update run id 198,
                                   segment 1 end time to 2025-06-09 10:33:46
                                
2025-06-09 10:33:46,385 - root - INFO - Segment 1 Complete
2025-06-09 10:33:46,393 - root - INFO - SegCompStat 1
2025-06-09 10:33:46,393 - root - INFO - segment is 2 start time is None endtime is None
2025-06-09 10:33:46,903 - root - INFO - Entering Fire function with parameters RunID:198, Seg:2,
              TargetTmp:537, Rate:111, HoldMin:0, Window:30
           
2025-06-09 10:33:46,903 - root - DEBUG - ==>Relay Off before reading temp
2025-06-09 10:33:47,069 - root - INFO - Thermocouple fault: {'cj_range': False, 'tc_range': False, 'cj_high': False, 'cj_low': False, 'tc_high': False, 'tc_low': False, 'voltage': False, 'open_tc': False}
2025-06-09 10:33:47,069 - root - DEBUG - ==>Relay Off before reading temp
2025-06-09 10:33:47,235 - root - INFO - Thermocouple fault: {'cj_range': False, 'tc_range': False, 'cj_high': False, 'cj_low': False, 'tc_high': False, 'tc_low': False, 'voltage': False, 'open_tc': False}
2025-06-09 10:33:47,401 - root - INFO - First pass of firing loop - TargetTmp:537.00,
                          StartTmp:22.18,RampTmp:23.10, TmpDif:514.82,
                          RampMin:278.28, Steps:556, StepTmp:0.93,
                          Window:30, StartSec:1749483227, EndSec:1749499923
                       
2025-06-09 10:33:47,401 - root - DEBUG - Entering PID update with parameters SetPoint:23.10, ProcValue:22.18, IMax:100.00, IMin:0.00,
2025-06-09 10:33:47,401 - root - DEBUG -   Window:30, Kp: 20.000, Ki: 0.200, Kd: 0.200
2025-06-09 10:33:47,401 - root - DEBUG - Exiting PID update with parameters Error:0.93, ITerm:1.05, DInput:0.16, Output:19.52
2025-06-09 10:33:47,402 - root - DEBUG - RunID 198, Segment 2 (loop 1) - RunState:Ramp,
                       ReadTmp:22.18, RampTmp:23.10, TargetTmp:537.00,
                       Output:19.52, CycleOnSec:5.86, RemainTime:4:38:16
                    
2025-06-09 10:33:47,402 - root - DEBUG - ==>Relay On
2025-06-09 10:33:53,257 - root - DEBUG - ==>Relay Off
2025-06-09 10:33:53,258 - root - DEBUG - Writing stats to Firing DB table...
2025-06-09 10:33:53,270 - root - INFO - database writing complete1
2025-06-09 10:33:53,271 - root - WARNING - Profile no longer in running state - exiting firing
2025-06-09 10:33:53,271 - root - INFO - RunState end: Stopped
2025-06-09 10:33:53,271 - root - DEBUG - Update run id 198,
                                   segment 2 end time to 2025-06-09 10:33:53
                                
2025-06-09 10:33:53,271 - root - DEBUG - Update run id 198,
                                   segment 2 end time to 2025-06-09 10:33:53
                                
2025-06-09 10:33:53,271 - root - INFO - Segment 2 Complete
2025-06-09 10:33:53,279 - root - INFO - SegCompStat 1
2025-06-09 10:33:53,280 - root - INFO - segment is 3 start time is None endtime is None
2025-06-09 10:33:53,788 - root - INFO - Entering Fire function with parameters RunID:198, Seg:3,
              TargetTmp:593, Rate:55, HoldMin:0, Window:30
           
2025-06-09 10:33:53,789 - root - DEBUG - ==>Relay Off before reading temp
2025-06-09 10:33:53,955 - root - INFO - Thermocouple fault: {'cj_range': False, 'tc_range': False, 'cj_high': False, 'cj_low': False, 'tc_high': False, 'tc_low': False, 'voltage': False, 'open_tc': False}
2025-06-09 10:33:53,955 - root - DEBUG - ==>Relay Off before reading temp
2025-06-09 10:33:54,121 - root - INFO - Thermocouple fault: {'cj_range': False, 'tc_range': False, 'cj_high': False, 'cj_low': False, 'tc_high': False, 'tc_low': False, 'voltage': False, 'open_tc': False}
2025-06-09 10:33:54,287 - root - INFO - First pass of firing loop - TargetTmp:593.00,
                          StartTmp:22.26,RampTmp:22.72, TmpDif:570.74,
                          RampMin:622.63, Steps:1245, StepTmp:0.46,
                          Window:30, StartSec:1749483234, EndSec:1749520591
                       
2025-06-09 10:33:54,287 - root - DEBUG - Entering PID update with parameters SetPoint:22.72, ProcValue:22.26, IMax:100.00, IMin:0.00,
2025-06-09 10:33:54,287 - root - DEBUG -   Window:30, Kp: 20.000, Ki: 0.200, Kd: 0.200
2025-06-09 10:33:54,287 - root - DEBUG - Exiting PID update with parameters Error:0.46, ITerm:1.14, DInput:0.08, Output:10.29
2025-06-09 10:33:54,288 - root - DEBUG - RunID 198, Segment 3 (loop 1) - RunState:Ramp,
                       ReadTmp:22.26, RampTmp:22.72, TargetTmp:593.00,
                       Output:10.29, CycleOnSec:3.09, RemainTime:10:22:37
                    
2025-06-09 10:33:54,288 - root - DEBUG - ==>Relay On
2025-06-09 10:33:57,376 - root - DEBUG - ==>Relay Off
2025-06-09 10:33:57,376 - root - DEBUG - Writing stats to Firing DB table...
2025-06-09 10:33:57,394 - root - INFO - database writing complete1
2025-06-09 10:33:57,394 - root - WARNING - Profile no longer in running state - exiting firing
2025-06-09 10:33:57,394 - root - INFO - RunState end: Stopped
2025-06-09 10:33:57,394 - root - DEBUG - Update run id 198,
                                   segment 3 end time to 2025-06-09 10:33:57
                                
2025-06-09 10:33:57,394 - root - DEBUG - Update run id 198,
                                   segment 3 end time to 2025-06-09 10:33:57
                                
2025-06-09 10:33:57,394 - root - INFO - Segment 3 Complete
2025-06-09 10:33:57,400 - root - INFO - SegCompStat 1
2025-06-09 10:33:57,400 - root - INFO - segment is 4 start time is None endtime is None
2025-06-09 10:33:57,908 - root - INFO - Entering Fire function with parameters RunID:198, Seg:4,
              TargetTmp:892, Rate:100, HoldMin:0, Window:30
           
2025-06-09 10:33:57,908 - root - DEBUG - ==>Relay Off before reading temp
2025-06-09 10:33:58,071 - root - INFO - Thermocouple fault: {'cj_range': False, 'tc_range': False, 'cj_high': False, 'cj_low': False, 'tc_high': False, 'tc_low': False, 'voltage': False, 'open_tc': False}
2025-06-09 10:33:58,072 - root - DEBUG - ==>Relay Off before reading temp
2025-06-09 10:33:58,236 - root - INFO - Thermocouple fault: {'cj_range': False, 'tc_range': False, 'cj_high': False, 'cj_low': False, 'tc_high': False, 'tc_low': False, 'voltage': False, 'open_tc': False}
2025-06-09 10:33:58,399 - root - INFO - First pass of firing loop - TargetTmp:892.00,
                          StartTmp:22.26,RampTmp:23.09, TmpDif:869.74,
                          RampMin:521.85, Steps:1043, StepTmp:0.83,
                          Window:30, StartSec:1749483238, EndSec:1749514548
                       
2025-06-09 10:33:58,400 - root - DEBUG - Entering PID update with parameters SetPoint:23.09, ProcValue:22.26, IMax:100.00, IMin:0.00,
2025-06-09 10:33:58,400 - root - DEBUG -   Window:30, Kp: 20.000, Ki: 0.200, Kd: 0.200
2025-06-09 10:33:58,400 - root - DEBUG - Exiting PID update with parameters Error:0.83, ITerm:1.31, DInput:0.00, Output:17.97
2025-06-09 10:33:58,400 - root - DEBUG - RunID 198, Segment 4 (loop 1) - RunState:Ramp,
                       ReadTmp:22.26, RampTmp:23.09, TargetTmp:892.00,
                       Output:17.97, CycleOnSec:5.39, RemainTime:8:41:50
                    
2025-06-09 10:33:58,400 - root - DEBUG - ==>Relay On
2025-06-09 10:34:03,793 - root - DEBUG - ==>Relay Off
2025-06-09 10:34:03,794 - root - DEBUG - Writing stats to Firing DB table...
2025-06-09 10:34:03,814 - root - INFO - database writing complete1
2025-06-09 10:34:03,814 - root - WARNING - Profile no longer in running state - exiting firing
2025-06-09 10:34:03,814 - root - INFO - RunState end: Stopped
2025-06-09 10:34:03,815 - root - DEBUG - Update run id 198,
                                   segment 4 end time to 2025-06-09 10:34:03
                                
2025-06-09 10:34:03,815 - root - DEBUG - Update run id 198,
                                   segment 4 end time to 2025-06-09 10:34:03
                                
2025-06-09 10:34:03,815 - root - INFO - Segment 4 Complete
2025-06-09 10:34:03,820 - root - INFO - SegCompStat 1
2025-06-09 10:34:03,820 - root - INFO - segment is 5 start time is None endtime is None
2025-06-09 10:34:04,329 - root - INFO - Entering Fire function with parameters RunID:198, Seg:5,
              TargetTmp:922, Rate:15, HoldMin:15, Window:30
           
2025-06-09 10:34:04,329 - root - DEBUG - ==>Relay Off before reading temp
2025-06-09 10:34:04,495 - root - INFO - Thermocouple fault: {'cj_range': False, 'tc_range': False, 'cj_high': False, 'cj_low': False, 'tc_high': False, 'tc_low': False, 'voltage': False, 'open_tc': False}
2025-06-09 10:34:04,495 - root - DEBUG - ==>Relay Off before reading temp
2025-06-09 10:34:04,661 - root - INFO - Thermocouple fault: {'cj_range': False, 'tc_range': False, 'cj_high': False, 'cj_low': False, 'tc_high': False, 'tc_low': False, 'voltage': False, 'open_tc': False}
2025-06-09 10:34:04,827 - root - INFO - First pass of firing loop - TargetTmp:922.00,
                          StartTmp:22.09,RampTmp:22.22, TmpDif:899.91,
                          RampMin:3599.62, Steps:7199, StepTmp:0.12,
                          Window:30, StartSec:1749483244, EndSec:1749700121
                       
2025-06-09 10:34:04,828 - root - DEBUG - Entering PID update with parameters SetPoint:22.22, ProcValue:22.09, IMax:100.00, IMin:0.00,
2025-06-09 10:34:04,828 - root - DEBUG -   Window:30, Kp: 20.000, Ki: 0.200, Kd: 0.200
2025-06-09 10:34:04,828 - root - DEBUG - Exiting PID update with parameters Error:0.12, ITerm:1.33, DInput:-0.16, Output:3.87
2025-06-09 10:34:04,828 - root - DEBUG - RunID 198, Segment 5 (loop 1) - RunState:Ramp,
                       ReadTmp:22.09, RampTmp:22.22, TargetTmp:922.00,
                       Output:3.87, CycleOnSec:1.16, RemainTime:60:14:37
                    
2025-06-09 10:34:04,828 - root - DEBUG - ==>Relay On
2025-06-09 10:34:05,988 - root - DEBUG - ==>Relay Off
2025-06-09 10:34:05,989 - root - DEBUG - Writing stats to Firing DB table...
2025-06-09 10:34:06,000 - root - INFO - database writing complete1
2025-06-09 10:34:06,000 - root - WARNING - Profile no longer in running state - exiting firing
2025-06-09 10:34:06,001 - root - INFO - RunState end: Stopped
2025-06-09 10:34:06,001 - root - DEBUG - Update run id 198,
                                   segment 5 end time to 2025-06-09 10:34:05
                                
2025-06-09 10:34:06,001 - root - DEBUG - Update run id 198,
                                   segment 5 end time to 2025-06-09 10:34:05
                                
2025-06-09 10:34:06,001 - root - INFO - Segment 5 Complete
2025-06-09 10:34:06,009 - root - INFO - SegCompStat 1
2025-06-09 10:34:06,009 - root - INFO - Polling for 'Running' firing profiles...
