2025-08-14 09:56:43,167 - kiln - INFO - === Run start ===
2025-08-14 09:56:43,178 - kiln - INFO - TotalSeg: 1
2025-08-14 09:56:43,187 - kiln - INFO - Entering segment RunID=211 Seg=1 Target=121 Rate=170 HoldMin=60 Window=30
2025-08-14 09:57:13,851 - kiln - INFO - First pass: Target=121.00 Start=31.90 RampTmp=33.32 TmpDif=89.10 Steps=62 StepTmp=1.42 Window=30 StartSec=1755183433 EndSec=1755188919
2025-08-14 09:57:13,851 - kiln - DEBUG - PID compute -> err=2.83 I=0.57 dIn=31.90 out=50.85
2025-08-14 09:57:13,851 - kiln - DEBUG - RunID 211, Segment 1 (loop 1) - RunState:Ramp, ReadTmp:31.90, RampTmp:34.73, TargetTmp:121.00, Output:50.85, CycleOnSec:15.26, RemainTime:1:31:26
2025-08-14 09:57:29,117 - kiln - INFO - RunState end: Ramp
2025-08-14 09:57:43,329 - kiln - DEBUG - PID compute -> err=0.38 I=0.64 dIn=3.87 out=7.53
2025-08-14 09:57:43,329 - kiln - DEBUG - RunID 211, Segment 1 (loop 2) - RunState:Ramp, ReadTmp:35.77, RampTmp:36.15, TargetTmp:121.00, Output:7.53, CycleOnSec:2.26, RemainTime:1:30:56
2025-08-14 09:57:45,605 - kiln - INFO - RunState end: Ramp
2025-08-14 09:58:13,332 - kiln - DEBUG - PID compute -> err=-1.48 I=0.35 dIn=3.28 out=0.00
2025-08-14 09:58:13,332 - kiln - DEBUG - RunID 211, Segment 1 (loop 3) - RunState:Ramp, ReadTmp:39.05, RampTmp:37.57, TargetTmp:121.00, Output:0.00, CycleOnSec:0.00, RemainTime:1:30:26
2025-08-14 09:58:13,344 - kiln - INFO - RunState end: Ramp
2025-08-14 09:58:43,331 - kiln - DEBUG - PID compute -> err=-2.15 I=0.00 dIn=2.09 out=0.00
2025-08-14 09:58:43,332 - kiln - DEBUG - RunID 211, Segment 1 (loop 4) - RunState:Ramp, ReadTmp:41.13, RampTmp:38.98, TargetTmp:121.00, Output:0.00, CycleOnSec:0.00, RemainTime:1:29:56
2025-08-14 09:58:43,344 - kiln - INFO - RunState end: Ramp
2025-08-14 09:59:13,332 - kiln - DEBUG - PID compute -> err=-2.05 I=0.00 dIn=1.31 out=0.00
2025-08-14 09:59:13,332 - kiln - DEBUG - RunID 211, Segment 1 (loop 5) - RunState:Ramp, ReadTmp:42.45, RampTmp:40.40, TargetTmp:121.00, Output:0.00, CycleOnSec:0.00, RemainTime:1:29:26
2025-08-14 09:59:13,344 - kiln - INFO - RunState end: Ramp
2025-08-14 09:59:43,331 - kiln - DEBUG - PID compute -> err=-1.54 I=0.00 dIn=0.91 out=0.00
2025-08-14 09:59:43,332 - kiln - DEBUG - RunID 211, Segment 1 (loop 6) - RunState:Ramp, ReadTmp:43.36, RampTmp:41.82, TargetTmp:121.00, Output:0.00, CycleOnSec:0.00, RemainTime:1:28:56
2025-08-14 09:59:43,344 - kiln - INFO - RunState end: Ramp
2025-08-14 10:00:13,332 - kiln - DEBUG - PID compute -> err=-0.59 I=0.00 dIn=0.46 out=0.00
2025-08-14 10:00:13,332 - kiln - DEBUG - RunID 211, Segment 1 (loop 7) - RunState:Ramp, ReadTmp:43.82, RampTmp:43.23, TargetTmp:121.00, Output:0.00, CycleOnSec:0.00, RemainTime:1:28:26
2025-08-14 10:00:13,344 - kiln - INFO - RunState end: Ramp
2025-08-14 10:00:43,327 - kiln - DEBUG - PID compute -> err=0.37 I=0.07 dIn=0.46 out=7.32
2025-08-14 10:00:43,327 - kiln - DEBUG - RunID 211, Segment 1 (loop 8) - RunState:Ramp, ReadTmp:44.28, RampTmp:44.65, TargetTmp:121.00, Output:7.32, CycleOnSec:2.20, RemainTime:1:27:56
2025-08-14 10:00:45,537 - kiln - INFO - RunState end: Ramp
2025-08-14 10:01:13,331 - kiln - DEBUG - PID compute -> err=1.48 I=0.37 dIn=0.30 out=29.89
2025-08-14 10:01:13,332 - kiln - DEBUG - RunID 211, Segment 1 (loop 9) - RunState:Ramp, ReadTmp:44.59, RampTmp:46.07, TargetTmp:121.00, Output:29.89, CycleOnSec:8.97, RemainTime:1:27:26
2025-08-14 10:01:22,394 - kiln - INFO - RunState end: Ramp
2025-08-14 10:01:43,332 - kiln - DEBUG - PID compute -> err=1.22 I=0.61 dIn=1.67 out=24.76
2025-08-14 10:01:43,332 - kiln - DEBUG - RunID 211, Segment 1 (loop 10) - RunState:Ramp, ReadTmp:46.26, RampTmp:47.48, TargetTmp:121.00, Output:24.76, CycleOnSec:7.43, RemainTime:1:26:56
2025-08-14 10:01:50,842 - kiln - INFO - RunState end: Ramp
2025-08-14 10:02:13,331 - kiln - DEBUG - PID compute -> err=0.30 I=0.67 dIn=2.34 out=6.14
2025-08-14 10:02:13,332 - kiln - DEBUG - RunID 211, Segment 1 (loop 11) - RunState:Ramp, ReadTmp:48.60, RampTmp:48.90, TargetTmp:121.00, Output:6.14, CycleOnSec:1.84, RemainTime:1:26:26
2025-08-14 10:02:15,217 - kiln - INFO - RunState end: Ramp
2025-08-14 10:02:43,332 - kiln - DEBUG - PID compute -> err=-0.17 I=0.64 dIn=1.88 out=0.00
2025-08-14 10:02:43,332 - kiln - DEBUG - RunID 211, Segment 1 (loop 12) - RunState:Ramp, ReadTmp:50.48, RampTmp:50.32, TargetTmp:121.00, Output:0.00, CycleOnSec:0.00, RemainTime:1:25:56
2025-08-14 10:02:43,343 - kiln - INFO - RunState end: Ramp
2025-08-14 10:03:13,332 - kiln - DEBUG - PID compute -> err=-0.03 I=0.63 dIn=1.27 out=0.00
2025-08-14 10:03:13,332 - kiln - DEBUG - RunID 211, Segment 1 (loop 13) - RunState:Ramp, ReadTmp:51.76, RampTmp:51.73, TargetTmp:121.00, Output:0.00, CycleOnSec:0.00, RemainTime:1:25:26
2025-08-14 10:03:13,344 - kiln - INFO - RunState end: Ramp
2025-08-14 10:03:43,332 - kiln - DEBUG - PID compute -> err=0.87 I=0.81 dIn=0.52 out=18.05
2025-08-14 10:03:43,332 - kiln - DEBUG - RunID 211, Segment 1 (loop 14) - RunState:Ramp, ReadTmp:52.28, RampTmp:53.15, TargetTmp:121.00, Output:18.05, CycleOnSec:5.41, RemainTime:1:24:56
2025-08-14 10:03:48,765 - kiln - INFO - RunState end: Ramp
2025-08-14 10:04:13,331 - kiln - DEBUG - PID compute -> err=0.87 I=0.98 dIn=1.41 out=18.09
2025-08-14 10:04:13,332 - kiln - DEBUG - RunID 211, Segment 1 (loop 15) - RunState:Ramp, ReadTmp:53.70, RampTmp:54.57, TargetTmp:121.00, Output:18.09, CycleOnSec:5.43, RemainTime:1:24:26
2025-08-14 10:04:18,773 - kiln - INFO - RunState end: Ramp
2025-08-14 10:04:43,318 - kiln - DEBUG - PID compute -> err=0.73 I=1.13 dIn=1.55 out=15.45
2025-08-14 10:04:43,318 - kiln - DEBUG - RunID 211, Segment 1 (loop 16) - RunState:Ramp, ReadTmp:55.25, RampTmp:55.98, TargetTmp:121.00, Output:15.45, CycleOnSec:4.64, RemainTime:1:23:56
2025-08-14 10:04:47,968 - kiln - INFO - RunState end: Ramp
2025-08-14 10:05:13,331 - kiln - DEBUG - PID compute -> err=0.23 I=1.17 dIn=1.92 out=5.32
2025-08-14 10:05:13,332 - kiln - DEBUG - RunID 211, Segment 1 (loop 17) - RunState:Ramp, ReadTmp:57.17, RampTmp:57.40, TargetTmp:121.00, Output:5.32, CycleOnSec:1.60, RemainTime:1:23:26
2025-08-14 10:05:14,941 - kiln - INFO - RunState end: Ramp
2025-08-14 10:05:43,332 - kiln - DEBUG - PID compute -> err=0.17 I=1.21 dIn=1.47 out=4.40
2025-08-14 10:05:43,332 - kiln - DEBUG - RunID 211, Segment 1 (loop 18) - RunState:Ramp, ReadTmp:58.64, RampTmp:58.82, TargetTmp:121.00, Output:4.40, CycleOnSec:1.32, RemainTime:1:22:56
2025-08-14 10:05:44,666 - kiln - INFO - RunState end: Ramp
2025-08-14 10:06:13,331 - kiln - DEBUG - PID compute -> err=0.64 I=1.34 dIn=0.95 out=13.91
2025-08-14 10:06:13,332 - kiln - DEBUG - RunID 211, Segment 1 (loop 19) - RunState:Ramp, ReadTmp:59.59, RampTmp:60.23, TargetTmp:121.00, Output:13.91, CycleOnSec:4.17, RemainTime:1:22:26
2025-08-14 10:06:17,516 - kiln - INFO - RunState end: Ramp
2025-08-14 10:06:43,331 - kiln - DEBUG - PID compute -> err=1.03 I=1.54 dIn=1.02 out=21.96
2025-08-14 10:06:43,332 - kiln - DEBUG - RunID 211, Segment 1 (loop 20) - RunState:Ramp, ReadTmp:60.62, RampTmp:61.65, TargetTmp:121.00, Output:21.96, CycleOnSec:6.59, RemainTime:1:21:56
2025-08-14 10:06:49,937 - kiln - INFO - RunState end: Ramp
2025-08-14 10:07:13,331 - kiln - DEBUG - PID compute -> err=0.63 I=1.67 dIn=1.82 out=13.86
2025-08-14 10:07:13,332 - kiln - DEBUG - RunID 211, Segment 1 (loop 21) - RunState:Ramp, ReadTmp:62.44, RampTmp:63.07, TargetTmp:121.00, Output:13.86, CycleOnSec:4.16, RemainTime:1:21:26
2025-08-14 10:07:17,503 - kiln - INFO - RunState end: Ramp
2025-08-14 10:07:43,332 - kiln - DEBUG - PID compute -> err=0.09 I=1.69 dIn=1.95 out=3.12
2025-08-14 10:07:43,332 - kiln - DEBUG - RunID 211, Segment 1 (loop 22) - RunState:Ramp, ReadTmp:64.39, RampTmp:64.48, TargetTmp:121.00, Output:3.12, CycleOnSec:0.94, RemainTime:1:20:56
2025-08-14 10:07:44,280 - kiln - INFO - RunState end: Ramp
2025-08-14 10:08:13,331 - kiln - DEBUG - PID compute -> err=0.50 I=1.79 dIn=1.01 out=11.58
2025-08-14 10:08:13,332 - kiln - DEBUG - RunID 211, Segment 1 (loop 23) - RunState:Ramp, ReadTmp:65.40, RampTmp:65.90, TargetTmp:121.00, Output:11.58, CycleOnSec:3.48, RemainTime:1:20:26
2025-08-14 10:08:16,819 - kiln - INFO - RunState end: Ramp
2025-08-14 10:08:43,332 - kiln - DEBUG - PID compute -> err=0.62 I=1.91 dIn=1.30 out=14.05
2025-08-14 10:08:43,332 - kiln - DEBUG - RunID 211, Segment 1 (loop 24) - RunState:Ramp, ReadTmp:66.70, RampTmp:67.32, TargetTmp:121.00, Output:14.05, CycleOnSec:4.21, RemainTime:1:19:56
2025-08-14 10:08:47,563 - kiln - INFO - RunState end: Ramp
2025-08-14 10:09:13,331 - kiln - DEBUG - PID compute -> err=0.82 I=2.07 dIn=1.22 out=18.18
2025-08-14 10:09:13,332 - kiln - DEBUG - RunID 211, Segment 1 (loop 25) - RunState:Ramp, ReadTmp:67.91, RampTmp:68.73, TargetTmp:121.00, Output:18.18, CycleOnSec:5.46, RemainTime:1:19:26
2025-08-14 10:09:18,808 - kiln - INFO - RunState end: Ramp
2025-08-14 10:09:43,332 - kiln - DEBUG - PID compute -> err=0.38 I=2.15 dIn=1.85 out=9.44
2025-08-14 10:09:43,332 - kiln - DEBUG - RunID 211, Segment 1 (loop 26) - RunState:Ramp, ReadTmp:69.77, RampTmp:70.15, TargetTmp:121.00, Output:9.44, CycleOnSec:2.83, RemainTime:1:18:56
2025-08-14 10:09:46,175 - kiln - INFO - RunState end: Ramp
2025-08-14 10:10:13,331 - kiln - DEBUG - PID compute -> err=0.52 I=2.25 dIn=1.28 out=12.36
2025-08-14 10:10:13,332 - kiln - DEBUG - RunID 211, Segment 1 (loop 27) - RunState:Ramp, ReadTmp:71.05, RampTmp:71.57, TargetTmp:121.00, Output:12.36, CycleOnSec:3.71, RemainTime:1:18:26
2025-08-14 10:10:17,053 - kiln - INFO - RunState end: Ramp
2025-08-14 10:10:43,331 - kiln - DEBUG - PID compute -> err=0.66 I=2.39 dIn=1.27 out=15.36
2025-08-14 10:10:43,332 - kiln - DEBUG - RunID 211, Segment 1 (loop 28) - RunState:Ramp, ReadTmp:72.32, RampTmp:72.98, TargetTmp:121.00, Output:15.36, CycleOnSec:4.61, RemainTime:1:17:56
2025-08-14 10:10:47,953 - kiln - INFO - RunState end: Ramp
2025-08-14 10:11:13,331 - kiln - DEBUG - PID compute -> err=0.59 I=2.50 dIn=1.48 out=14.08
2025-08-14 10:11:13,332 - kiln - DEBUG - RunID 211, Segment 1 (loop 29) - RunState:Ramp, ReadTmp:73.80, RampTmp:74.40, TargetTmp:121.00, Output:14.08, CycleOnSec:4.22, RemainTime:1:17:26
2025-08-14 10:11:17,569 - kiln - INFO - RunState end: Ramp
2025-08-14 10:11:43,329 - kiln - DEBUG - PID compute -> err=0.54 I=2.61 dIn=1.47 out=13.15
2025-08-14 10:11:43,329 - kiln - DEBUG - RunID 211, Segment 1 (loop 30) - RunState:Ramp, ReadTmp:75.27, RampTmp:75.82, TargetTmp:121.00, Output:13.15, CycleOnSec:3.95, RemainTime:1:16:56
2025-08-14 10:11:47,288 - kiln - INFO - RunState end: Ramp
2025-08-14 10:12:13,332 - kiln - DEBUG - PID compute -> err=0.55 I=2.72 dIn=1.41 out=13.48
2025-08-14 10:12:13,332 - kiln - DEBUG - RunID 211, Segment 1 (loop 31) - RunState:Ramp, ReadTmp:76.68, RampTmp:77.23, TargetTmp:121.00, Output:13.48, CycleOnSec:4.05, RemainTime:1:16:26
2025-08-14 10:12:17,389 - kiln - INFO - RunState end: Ramp
2025-08-14 10:12:43,332 - kiln - DEBUG - PID compute -> err=0.30 I=2.78 dIn=1.67 out=8.39
2025-08-14 10:12:43,332 - kiln - DEBUG - RunID 211, Segment 1 (loop 32) - RunState:Ramp, ReadTmp:78.35, RampTmp:78.65, TargetTmp:121.00, Output:8.39, CycleOnSec:2.52, RemainTime:1:15:56
2025-08-14 10:12:45,860 - kiln - INFO - RunState end: Ramp
2025-08-14 10:13:13,331 - kiln - DEBUG - PID compute -> err=0.81 I=2.94 dIn=0.91 out=18.91
2025-08-14 10:13:13,332 - kiln - DEBUG - RunID 211, Segment 1 (loop 33) - RunState:Ramp, ReadTmp:79.26, RampTmp:80.07, TargetTmp:121.00, Output:18.91, CycleOnSec:5.67, RemainTime:1:15:26
2025-08-14 10:13:19,018 - kiln - INFO - RunState end: Ramp
2025-08-14 10:13:43,332 - kiln - DEBUG - PID compute -> err=0.77 I=3.10 dIn=1.45 out=18.22
2025-08-14 10:13:43,332 - kiln - DEBUG - RunID 211, Segment 1 (loop 34) - RunState:Ramp, ReadTmp:80.71, RampTmp:81.48, TargetTmp:121.00, Output:18.22, CycleOnSec:5.47, RemainTime:1:14:56
2025-08-14 10:13:48,816 - kiln - INFO - RunState end: Ramp
2025-08-14 10:14:13,331 - kiln - DEBUG - PID compute -> err=0.53 I=3.20 dIn=1.66 out=13.50
2025-08-14 10:14:13,332 - kiln - DEBUG - RunID 211, Segment 1 (loop 35) - RunState:Ramp, ReadTmp:82.37, RampTmp:82.90, TargetTmp:121.00, Output:13.50, CycleOnSec:4.05, RemainTime:1:14:26
2025-08-14 10:14:17,399 - kiln - INFO - RunState end: Ramp
2025-08-14 10:14:43,331 - kiln - DEBUG - PID compute -> err=0.43 I=3.29 dIn=1.52 out=11.63
2025-08-14 10:14:43,332 - kiln - DEBUG - RunID 211, Segment 1 (loop 36) - RunState:Ramp, ReadTmp:83.88, RampTmp:84.32, TargetTmp:121.00, Output:11.63, CycleOnSec:3.49, RemainTime:1:13:56
2025-08-14 10:14:46,835 - kiln - INFO - RunState end: Ramp
2025-08-14 10:15:13,331 - kiln - DEBUG - PID compute -> err=0.41 I=3.37 dIn=1.44 out=11.32
2025-08-14 10:15:13,332 - kiln - DEBUG - RunID 211, Segment 1 (loop 37) - RunState:Ramp, ReadTmp:85.32, RampTmp:85.73, TargetTmp:121.00, Output:11.32, CycleOnSec:3.39, RemainTime:1:13:26
2025-08-14 10:15:16,739 - kiln - INFO - RunState end: Ramp
2025-08-14 10:15:43,332 - kiln - DEBUG - PID compute -> err=0.59 I=3.49 dIn=1.23 out=15.12
2025-08-14 10:15:43,332 - kiln - DEBUG - RunID 211, Segment 1 (loop 38) - RunState:Ramp, ReadTmp:86.55, RampTmp:87.15, TargetTmp:121.00, Output:15.12, CycleOnSec:4.54, RemainTime:1:12:56
2025-08-14 10:15:47,883 - kiln - INFO - RunState end: Ramp
2025-08-14 10:16:13,332 - kiln - DEBUG - PID compute -> err=0.78 I=3.65 dIn=1.23 out=19.08
2025-08-14 10:16:13,332 - kiln - DEBUG - RunID 211, Segment 1 (loop 39) - RunState:Ramp, ReadTmp:87.78, RampTmp:88.57, TargetTmp:121.00, Output:19.08, CycleOnSec:5.72, RemainTime:1:12:26
2025-08-14 10:16:19,077 - kiln - INFO - RunState end: Ramp
2025-08-14 10:16:43,331 - kiln - DEBUG - PID compute -> err=0.84 I=3.82 dIn=1.36 out=20.37
2025-08-14 10:16:43,332 - kiln - DEBUG - RunID 211, Segment 1 (loop 40) - RunState:Ramp, ReadTmp:89.14, RampTmp:89.98, TargetTmp:121.00, Output:20.37, CycleOnSec:6.11, RemainTime:1:11:56
2025-08-14 10:16:49,458 - kiln - INFO - RunState end: Ramp
2025-08-14 10:17:13,332 - kiln - DEBUG - PID compute -> err=0.42 I=3.90 dIn=1.84 out=11.97
2025-08-14 10:17:13,332 - kiln - DEBUG - RunID 211, Segment 1 (loop 41) - RunState:Ramp, ReadTmp:90.98, RampTmp:91.40, TargetTmp:121.00, Output:11.97, CycleOnSec:3.59, RemainTime:1:11:26
2025-08-14 10:17:16,936 - kiln - INFO - RunState end: Ramp
2025-08-14 10:17:43,332 - kiln - DEBUG - PID compute -> err=0.28 I=3.96 dIn=1.55 out=9.32
2025-08-14 10:17:43,332 - kiln - DEBUG - RunID 211, Segment 1 (loop 42) - RunState:Ramp, ReadTmp:92.53, RampTmp:92.82, TargetTmp:121.00, Output:9.32, CycleOnSec:2.80, RemainTime:1:10:56
2025-08-14 10:17:46,143 - kiln - INFO - RunState end: Ramp
2025-08-14 10:18:13,331 - kiln - DEBUG - PID compute -> err=0.76 I=4.11 dIn=0.95 out=19.02
2025-08-14 10:18:13,332 - kiln - DEBUG - RunID 211, Segment 1 (loop 43) - RunState:Ramp, ReadTmp:93.48, RampTmp:94.23, TargetTmp:121.00, Output:19.02, CycleOnSec:5.71, RemainTime:1:10:26
2025-08-14 10:18:19,051 - kiln - INFO - RunState end: Ramp
2025-08-14 10:18:43,332 - kiln - DEBUG - PID compute -> err=0.69 I=4.25 dIn=1.48 out=17.70
2025-08-14 10:18:43,332 - kiln - DEBUG - RunID 211, Segment 1 (loop 44) - RunState:Ramp, ReadTmp:94.96, RampTmp:95.65, TargetTmp:121.00, Output:17.70, CycleOnSec:5.31, RemainTime:1:09:56
2025-08-14 10:18:48,656 - kiln - INFO - RunState end: Ramp
2025-08-14 10:19:13,328 - kiln - DEBUG - PID compute -> err=0.57 I=4.36 dIn=1.54 out=15.35
2025-08-14 10:19:13,328 - kiln - DEBUG - RunID 211, Segment 1 (loop 45) - RunState:Ramp, ReadTmp:96.50, RampTmp:97.07, TargetTmp:121.00, Output:15.35, CycleOnSec:4.61, RemainTime:1:09:26
2025-08-14 10:19:17,947 - kiln - INFO - RunState end: Ramp
2025-08-14 10:19:43,331 - kiln - DEBUG - PID compute -> err=0.58 I=4.47 dIn=1.41 out=15.70
2025-08-14 10:19:43,332 - kiln - DEBUG - RunID 211, Segment 1 (loop 46) - RunState:Ramp, ReadTmp:97.91, RampTmp:98.48, TargetTmp:121.00, Output:15.70, CycleOnSec:4.71, RemainTime:1:08:56
2025-08-14 10:19:48,054 - kiln - INFO - RunState end: Ramp
2025-08-14 10:20:13,332 - kiln - DEBUG - PID compute -> err=0.52 I=4.58 dIn=1.48 out=14.60
2025-08-14 10:20:13,332 - kiln - DEBUG - RunID 211, Segment 1 (loop 47) - RunState:Ramp, ReadTmp:99.38, RampTmp:99.90, TargetTmp:121.00, Output:14.60, CycleOnSec:4.38, RemainTime:1:08:26
2025-08-14 10:20:17,723 - kiln - INFO - RunState end: Ramp
2025-08-14 10:20:43,331 - kiln - DEBUG - PID compute -> err=0.54 I=4.69 dIn=1.39 out=15.24
2025-08-14 10:20:43,332 - kiln - DEBUG - RunID 211, Segment 1 (loop 48) - RunState:Ramp, ReadTmp:100.77, RampTmp:101.32, TargetTmp:121.00, Output:15.24, CycleOnSec:4.57, RemainTime:1:07:56
2025-08-14 10:20:47,917 - kiln - INFO - RunState end: Ramp
2025-08-14 10:21:13,331 - kiln - DEBUG - PID compute -> err=0.69 I=4.82 dIn=1.27 out=18.43
2025-08-14 10:21:13,332 - kiln - DEBUG - RunID 211, Segment 1 (loop 49) - RunState:Ramp, ReadTmp:102.04, RampTmp:102.73, TargetTmp:121.00, Output:18.43, CycleOnSec:5.53, RemainTime:1:07:26
2025-08-14 10:21:18,874 - kiln - INFO - RunState end: Ramp
2025-08-14 10:21:43,331 - kiln - DEBUG - PID compute -> err=0.59 I=4.94 dIn=1.52 out=16.36
2025-08-14 10:21:43,332 - kiln - DEBUG - RunID 211, Segment 1 (loop 50) - RunState:Ramp, ReadTmp:103.56, RampTmp:104.15, TargetTmp:121.00, Output:16.36, CycleOnSec:4.91, RemainTime:1:06:56
2025-08-14 10:21:48,255 - kiln - INFO - RunState end: Ramp
2025-08-14 10:22:13,332 - kiln - DEBUG - PID compute -> err=0.55 I=5.05 dIn=1.45 out=15.75
2025-08-14 10:22:13,332 - kiln - DEBUG - RunID 211, Segment 1 (loop 51) - RunState:Ramp, ReadTmp:105.02, RampTmp:105.57, TargetTmp:121.00, Output:15.75, CycleOnSec:4.73, RemainTime:1:06:26
2025-08-14 10:22:18,070 - kiln - INFO - RunState end: Ramp
2025-08-14 10:22:43,331 - kiln - DEBUG - PID compute -> err=0.45 I=5.14 dIn=1.52 out=13.85
2025-08-14 10:22:43,332 - kiln - DEBUG - RunID 211, Segment 1 (loop 52) - RunState:Ramp, ReadTmp:106.53, RampTmp:106.98, TargetTmp:121.00, Output:13.85, CycleOnSec:4.15, RemainTime:1:05:56
2025-08-14 10:22:47,499 - kiln - INFO - RunState end: Ramp
2025-08-14 10:23:13,332 - kiln - DEBUG - PID compute -> err=0.75 I=5.29 dIn=1.12 out=20.07
2025-08-14 10:23:13,332 - kiln - DEBUG - RunID 211, Segment 1 (loop 53) - RunState:Ramp, ReadTmp:107.65, RampTmp:108.40, TargetTmp:121.00, Output:20.07, CycleOnSec:6.02, RemainTime:1:05:26
2025-08-14 10:23:19,366 - kiln - INFO - RunState end: Ramp
2025-08-14 10:23:43,332 - kiln - DEBUG - PID compute -> err=0.66 I=5.42 dIn=1.51 out=18.30
2025-08-14 10:23:43,332 - kiln - DEBUG - RunID 211, Segment 1 (loop 54) - RunState:Ramp, ReadTmp:109.16, RampTmp:109.82, TargetTmp:121.00, Output:18.30, CycleOnSec:5.49, RemainTime:1:04:56
2025-08-14 10:23:48,835 - kiln - INFO - RunState end: Ramp
2025-08-14 10:24:13,332 - kiln - DEBUG - PID compute -> err=0.37 I=5.50 dIn=1.70 out=12.61
2025-08-14 10:24:13,332 - kiln - DEBUG - RunID 211, Segment 1 (loop 55) - RunState:Ramp, ReadTmp:110.86, RampTmp:111.23, TargetTmp:121.00, Output:12.61, CycleOnSec:3.78, RemainTime:1:04:26
2025-08-14 10:24:17,129 - kiln - INFO - RunState end: Ramp
2025-08-14 10:24:43,331 - kiln - DEBUG - PID compute -> err=0.69 I=5.64 dIn=1.10 out=19.17
2025-08-14 10:24:43,332 - kiln - DEBUG - RunID 211, Segment 1 (loop 56) - RunState:Ramp, ReadTmp:111.96, RampTmp:112.65, TargetTmp:121.00, Output:19.17, CycleOnSec:5.75, RemainTime:1:03:56
2025-08-14 10:24:49,091 - kiln - INFO - RunState end: Ramp
2025-08-14 10:25:13,326 - kiln - DEBUG - PID compute -> err=0.74 I=5.78 dIn=1.37 out=20.25
2025-08-14 10:25:13,326 - kiln - DEBUG - RunID 211, Segment 1 (loop 57) - RunState:Ramp, ReadTmp:113.33, RampTmp:114.07, TargetTmp:121.00, Output:20.25, CycleOnSec:6.07, RemainTime:1:03:26
2025-08-14 10:25:19,415 - kiln - INFO - RunState end: Ramp
2025-08-14 10:25:43,332 - kiln - DEBUG - PID compute -> err=0.73 I=5.93 dIn=1.42 out=20.28
2025-08-14 10:25:43,332 - kiln - DEBUG - RunID 211, Segment 1 (loop 58) - RunState:Ramp, ReadTmp:114.75, RampTmp:115.48, TargetTmp:121.00, Output:20.28, CycleOnSec:6.08, RemainTime:1:02:56
2025-08-14 10:25:49,428 - kiln - INFO - RunState end: Ramp
2025-08-14 10:26:13,331 - kiln - DEBUG - PID compute -> err=0.34 I=6.00 dIn=1.81 out=12.35
2025-08-14 10:26:13,332 - kiln - DEBUG - RunID 211, Segment 1 (loop 59) - RunState:Ramp, ReadTmp:116.56, RampTmp:116.90, TargetTmp:121.00, Output:12.35, CycleOnSec:3.71, RemainTime:1:02:26
2025-08-14 10:26:17,051 - kiln - INFO - RunState end: Ramp
2025-08-14 10:26:43,331 - kiln - DEBUG - PID compute -> err=0.46 I=6.09 dIn=1.29 out=15.10
2025-08-14 10:26:43,332 - kiln - DEBUG - RunID 211, Segment 1 (loop 60) - RunState:Ramp, ReadTmp:117.85, RampTmp:118.32, TargetTmp:121.00, Output:15.10, CycleOnSec:4.53, RemainTime:1:01:56
2025-08-14 10:26:47,872 - kiln - INFO - RunState end: Ramp
2025-08-14 10:27:13,332 - kiln - DEBUG - PID compute -> err=0.92 I=6.27 dIn=0.96 out=24.47
2025-08-14 10:27:13,332 - kiln - DEBUG - RunID 211, Segment 1 (loop 61) - RunState:Ramp, ReadTmp:118.81, RampTmp:119.73, TargetTmp:121.00, Output:24.47, CycleOnSec:7.34, RemainTime:1:01:26
2025-08-14 10:27:20,684 - kiln - INFO - RunState end: Ramp
2025-08-14 10:27:43,332 - kiln - DEBUG - PID compute -> err=0.52 I=6.38 dIn=1.67 out=16.35
2025-08-14 10:27:43,332 - kiln - DEBUG - RunID 211, Segment 1 (loop 62) - RunState:Ramp complete, ReadTmp:120.48, RampTmp:121.00, TargetTmp:121.00, Output:16.35, CycleOnSec:4.91, RemainTime:1:00:56
2025-08-14 10:27:48,254 - kiln - INFO - RunState end: Ramp complete
2025-08-14 10:28:13,331 - kiln - INFO - Set temp reached - End seconds set to 1755188893
2025-08-14 10:28:13,332 - kiln - DEBUG - PID compute -> err=-0.95 I=6.19 dIn=1.47 out=0.00
2025-08-14 10:28:13,332 - kiln - DEBUG - RunID 211, Segment 1 (loop 63) - RunState:Target/Hold, ReadTmp:121.95, RampTmp:121.00, TargetTmp:121.00, Output:0.00, CycleOnSec:0.00, RemainTime:1:00:00
2025-08-14 10:28:13,347 - kiln - INFO - RunState end: Target/Hold
2025-08-14 10:28:43,332 - kiln - DEBUG - PID compute -> err=-1.02 I=5.98 dIn=0.06 out=0.00
2025-08-14 10:28:43,332 - kiln - DEBUG - RunID 211, Segment 1 (loop 64) - RunState:Target/Hold, ReadTmp:122.02, RampTmp:121.00, TargetTmp:121.00, Output:0.00, CycleOnSec:0.00, RemainTime:0:59:30
2025-08-14 10:28:43,344 - kiln - INFO - RunState end: Target/Hold
2025-08-14 10:29:13,332 - kiln - DEBUG - PID compute -> err=-0.89 I=5.80 dIn=-0.12 out=0.00
2025-08-14 10:29:13,332 - kiln - DEBUG - RunID 211, Segment 1 (loop 65) - RunState:Target/Hold, ReadTmp:121.89, RampTmp:121.00, TargetTmp:121.00, Output:0.00, CycleOnSec:0.00, RemainTime:0:59:00
2025-08-14 10:29:13,342 - kiln - INFO - RunState end: Target/Hold
2025-08-14 10:29:43,332 - kiln - DEBUG - PID compute -> err=-0.51 I=5.70 dIn=-0.38 out=0.00
2025-08-14 10:29:43,332 - kiln - DEBUG - RunID 211, Segment 1 (loop 66) - RunState:Target/Hold, ReadTmp:121.51, RampTmp:121.00, TargetTmp:121.00, Output:0.00, CycleOnSec:0.00, RemainTime:0:58:30
2025-08-14 10:29:43,343 - kiln - INFO - RunState end: Target/Hold
2025-08-14 10:30:13,331 - kiln - DEBUG - PID compute -> err=0.26 I=5.75 dIn=-0.77 out=11.06
2025-08-14 10:30:13,332 - kiln - DEBUG - RunID 211, Segment 1 (loop 67) - RunState:Target/Hold, ReadTmp:120.74, RampTmp:121.00, TargetTmp:121.00, Output:11.06, CycleOnSec:3.32, RemainTime:0:58:00
2025-08-14 10:30:16,663 - kiln - INFO - RunState end: Target/Hold
2025-08-14 10:30:43,332 - kiln - DEBUG - PID compute -> err=0.90 I=5.93 dIn=-0.64 out=24.03
2025-08-14 10:30:43,332 - kiln - DEBUG - RunID 211, Segment 1 (loop 68) - RunState:Target/Hold, ReadTmp:120.10, RampTmp:121.00, TargetTmp:121.00, Output:24.03, CycleOnSec:7.21, RemainTime:0:57:30
2025-08-14 10:30:50,551 - kiln - INFO - RunState end: Target/Hold
2025-08-14 10:31:13,332 - kiln - DEBUG - PID compute -> err=0.52 I=6.04 dIn=0.38 out=16.27
2025-08-14 10:31:13,332 - kiln - DEBUG - RunID 211, Segment 1 (loop 69) - RunState:Target/Hold, ReadTmp:120.48, RampTmp:121.00, TargetTmp:121.00, Output:16.27, CycleOnSec:4.88, RemainTime:0:57:00
2025-08-14 10:31:18,227 - kiln - INFO - RunState end: Target/Hold
2025-08-14 10:31:43,332 - kiln - DEBUG - PID compute -> err=0.13 I=6.06 dIn=0.38 out=8.64
2025-08-14 10:31:43,332 - kiln - DEBUG - RunID 211, Segment 1 (loop 70) - RunState:Target/Hold, ReadTmp:120.87, RampTmp:121.00, TargetTmp:121.00, Output:8.64, CycleOnSec:2.59, RemainTime:0:56:30
2025-08-14 10:31:45,937 - kiln - INFO - RunState end: Target/Hold
2025-08-14 10:32:13,332 - kiln - DEBUG - PID compute -> err=-0.31 I=6.00 dIn=0.45 out=0.00
2025-08-14 10:32:13,332 - kiln - DEBUG - RunID 211, Segment 1 (loop 71) - RunState:Target/Hold, ReadTmp:121.31, RampTmp:121.00, TargetTmp:121.00, Output:0.00, CycleOnSec:0.00, RemainTime:0:56:00
2025-08-14 10:32:13,343 - kiln - INFO - RunState end: Target/Hold
2025-08-14 10:32:43,332 - kiln - DEBUG - PID compute -> err=0.01 I=6.00 dIn=-0.32 out=6.22
2025-08-14 10:32:43,332 - kiln - DEBUG - RunID 211, Segment 1 (loop 72) - RunState:Target/Hold, ReadTmp:120.99, RampTmp:121.00, TargetTmp:121.00, Output:6.22, CycleOnSec:1.87, RemainTime:0:55:30
2025-08-14 10:32:45,212 - kiln - INFO - RunState end: Target/Hold
2025-08-14 10:33:13,332 - kiln - DEBUG - PID compute -> err=0.20 I=6.04 dIn=-0.19 out=9.99
2025-08-14 10:33:13,332 - kiln - DEBUG - RunID 211, Segment 1 (loop 73) - RunState:Target/Hold, ReadTmp:120.80, RampTmp:121.00, TargetTmp:121.00, Output:9.99, CycleOnSec:3.00, RemainTime:0:55:00
2025-08-14 10:33:16,342 - kiln - INFO - RunState end: Target/Hold
2025-08-14 10:33:43,332 - kiln - DEBUG - PID compute -> err=0.33 I=6.11 dIn=-0.13 out=12.70
2025-08-14 10:33:43,332 - kiln - DEBUG - RunID 211, Segment 1 (loop 74) - RunState:Target/Hold, ReadTmp:120.67, RampTmp:121.00, TargetTmp:121.00, Output:12.70, CycleOnSec:3.81, RemainTime:0:54:30
2025-08-14 10:33:47,157 - kiln - INFO - RunState end: Target/Hold
2025-08-14 10:34:13,331 - kiln - DEBUG - PID compute -> err=0.20 I=6.15 dIn=0.13 out=10.03
2025-08-14 10:34:13,332 - kiln - DEBUG - RunID 211, Segment 1 (loop 75) - RunState:Target/Hold, ReadTmp:120.80, RampTmp:121.00, TargetTmp:121.00, Output:10.03, CycleOnSec:3.01, RemainTime:0:54:00
2025-08-14 10:34:16,353 - kiln - WARNING - Profile no longer in running state - exiting firing
2025-08-14 10:34:16,353 - kiln - INFO - RunState end: Stopped
