2025-06-28 07:29:00,086 - root - INFO - TotalSeg: 2
2025-06-28 07:29:00,087 - root - INFO - segment is 1 start time is None endtime is None
2025-06-28 07:29:00,593 - root - INFO - Entering Fire function with parameters RunID:202, Seg:1,
              TargetTmp:125, Rate:100, HoldMin:60, Window:30
           
2025-06-28 07:29:00,593 - root - DEBUG - ==>Relay Off before reading temp
2025-06-28 07:29:00,752 - root - INFO - Thermocouple fault: {'cj_range': False, 'tc_range': False, 'cj_high': False, 'cj_low': False, 'tc_high': False, 'tc_low': False, 'voltage': False, 'open_tc': False}
2025-06-28 07:29:00,753 - root - DEBUG - ==>Relay Off before reading temp
2025-06-28 07:29:00,913 - root - INFO - Thermocouple fault: {'cj_range': False, 'tc_range': False, 'cj_high': False, 'cj_low': False, 'tc_high': False, 'tc_low': False, 'voltage': False, 'open_tc': False}
2025-06-28 07:29:01,071 - root - INFO - First pass of firing loop - TargetTmp:125.00,
                          StartTmp:26.84,RampTmp:27.67, TmpDif:98.16,
                          RampMin:58.90, Steps:117, StepTmp:0.83,
                          Window:30, StartSec:1751113741, EndSec:1751120874
                       
2025-06-28 07:29:01,071 - root - DEBUG - Entering PID update with parameters SetPoint:27.67, ProcValue:26.84, IMax:100.00, IMin:0.00,
2025-06-28 07:29:01,071 - root - DEBUG -   Window:30, Kp: 20.000, Ki: 0.200, Kd: 0.200
2025-06-28 07:29:01,072 - root - DEBUG - Exiting PID update with parameters Error:0.83, ITerm:0.17, DInput:26.84, Output:11.47
2025-06-28 07:29:01,072 - root - DEBUG - RunID 202, Segment 1 (loop 1) - RunState:Ramp,
                       ReadTmp:26.84, RampTmp:27.67, TargetTmp:125.00,
                       Output:11.47, CycleOnSec:3.44, RemainTime:1:58:53
                    
2025-06-28 07:29:01,072 - root - DEBUG - ==>Relay On
2025-06-28 07:29:04,512 - root - DEBUG - ==>Relay Off
2025-06-28 07:29:04,514 - root - DEBUG - Writing stats to Firing DB table...
2025-06-28 07:29:04,527 - root - INFO - database writing complete1
2025-06-28 07:29:04,528 - root - INFO - RunState end: Ramp
2025-06-28 07:29:31,000 - root - DEBUG - ==>Relay Off before reading temp
2025-06-28 07:29:31,166 - root - INFO - Thermocouple fault: {'cj_range': False, 'tc_range': False, 'cj_high': False, 'cj_low': False, 'tc_high': False, 'tc_low': False, 'voltage': False, 'open_tc': False}
2025-06-28 07:29:31,332 - root - DEBUG - Entering PID update with parameters SetPoint:28.50, ProcValue:26.92, IMax:100.00, IMin:0.00,
2025-06-28 07:29:31,332 - root - DEBUG -   Window:30, Kp: 20.000, Ki: 0.200, Kd: 0.200
2025-06-28 07:29:31,332 - root - DEBUG - Exiting PID update with parameters Error:1.58, ITerm:0.48, DInput:0.09, Output:32.08
2025-06-28 07:29:31,332 - root - DEBUG - RunID 202, Segment 1 (loop 2) - RunState:Ramp,
                       ReadTmp:26.92, RampTmp:28.50, TargetTmp:125.00,
                       Output:32.08, CycleOnSec:9.62, RemainTime:1:58:23
                    
2025-06-28 07:29:31,332 - root - DEBUG - ==>Relay On
2025-06-28 07:29:40,957 - root - DEBUG - ==>Relay Off
2025-06-28 07:29:40,957 - root - DEBUG - Writing stats to Firing DB table...
2025-06-28 07:29:40,969 - root - INFO - database writing complete1
2025-06-28 07:29:40,970 - root - INFO - RunState end: Ramp
2025-06-28 07:30:01,000 - root - DEBUG - ==>Relay Off before reading temp
2025-06-28 07:30:01,166 - root - INFO - Thermocouple fault: {'cj_range': False, 'tc_range': False, 'cj_high': False, 'cj_low': False, 'tc_high': False, 'tc_low': False, 'voltage': False, 'open_tc': False}
2025-06-28 07:30:01,332 - root - DEBUG - Entering PID update with parameters SetPoint:29.34, ProcValue:28.13, IMax:100.00, IMin:0.00,
2025-06-28 07:30:01,332 - root - DEBUG -   Window:30, Kp: 20.000, Ki: 0.200, Kd: 0.200
2025-06-28 07:30:01,332 - root - DEBUG - Exiting PID update with parameters Error:1.20, ITerm:0.72, DInput:1.21, Output:24.54
2025-06-28 07:30:01,332 - root - DEBUG - RunID 202, Segment 1 (loop 3) - RunState:Ramp,
                       ReadTmp:28.13, RampTmp:29.34, TargetTmp:125.00,
                       Output:24.54, CycleOnSec:7.36, RemainTime:1:57:53
                    
2025-06-28 07:30:01,332 - root - DEBUG - ==>Relay On
2025-06-28 07:30:08,696 - root - DEBUG - ==>Relay Off
2025-06-28 07:30:08,697 - root - DEBUG - Writing stats to Firing DB table...
2025-06-28 07:30:08,709 - root - INFO - database writing complete1
2025-06-28 07:30:08,709 - root - WARNING - Profile no longer in running state - exiting firing
2025-06-28 07:30:08,709 - root - INFO - RunState end: Stopped
2025-06-28 07:30:08,709 - root - DEBUG - Update run id 202,
                                   segment 1 end time to 2025-06-28 07:30:08
                                
2025-06-28 07:30:08,709 - root - DEBUG - Update run id 202,
                                   segment 1 end time to 2025-06-28 07:30:08
                                
2025-06-28 07:30:08,710 - root - INFO - Segment 1 Complete
2025-06-28 07:30:08,719 - root - INFO - SegCompStat 1
2025-06-28 07:30:08,719 - root - INFO - segment is 2 start time is None endtime is None
2025-06-28 07:30:09,227 - root - INFO - Entering Fire function with parameters RunID:202, Seg:2,
              TargetTmp:537, Rate:111, HoldMin:120, Window:30
           
2025-06-28 07:30:09,228 - root - DEBUG - ==>Relay Off before reading temp
2025-06-28 07:30:09,392 - root - INFO - Thermocouple fault: {'cj_range': False, 'tc_range': False, 'cj_high': False, 'cj_low': False, 'tc_high': False, 'tc_low': False, 'voltage': False, 'open_tc': False}
2025-06-28 07:30:09,392 - root - DEBUG - ==>Relay Off before reading temp
2025-06-28 07:30:09,555 - root - INFO - Thermocouple fault: {'cj_range': False, 'tc_range': False, 'cj_high': False, 'cj_low': False, 'tc_high': False, 'tc_low': False, 'voltage': False, 'open_tc': False}
2025-06-28 07:30:09,718 - root - INFO - First pass of firing loop - TargetTmp:537.00,
                          StartTmp:28.45,RampTmp:29.38, TmpDif:508.55,
                          RampMin:274.89, Steps:549, StepTmp:0.92,
                          Window:30, StartSec:1751113809, EndSec:1751137502
                       
2025-06-28 07:30:09,718 - root - DEBUG - Entering PID update with parameters SetPoint:29.38, ProcValue:28.45, IMax:100.00, IMin:0.00,
2025-06-28 07:30:09,718 - root - DEBUG -   Window:30, Kp: 20.000, Ki: 0.200, Kd: 0.200
2025-06-28 07:30:09,718 - root - DEBUG - Exiting PID update with parameters Error:0.93, ITerm:0.91, DInput:0.32, Output:19.34
2025-06-28 07:30:09,718 - root - DEBUG - RunID 202, Segment 2 (loop 1) - RunState:Ramp,
                       ReadTmp:28.45, RampTmp:29.38, TargetTmp:537.00,
                       Output:19.34, CycleOnSec:5.80, RemainTime:6:34:53
                    
2025-06-28 07:30:09,719 - root - DEBUG - ==>Relay On
2025-06-28 07:30:15,522 - root - DEBUG - ==>Relay Off
2025-06-28 07:30:15,523 - root - DEBUG - Writing stats to Firing DB table...
2025-06-28 07:30:15,534 - root - INFO - database writing complete1
2025-06-28 07:30:15,535 - root - WARNING - Profile no longer in running state - exiting firing
2025-06-28 07:30:15,535 - root - INFO - RunState end: Stopped
2025-06-28 07:30:15,535 - root - DEBUG - Update run id 202,
                                   segment 2 end time to 2025-06-28 07:30:15
                                
2025-06-28 07:30:15,535 - root - DEBUG - Update run id 202,
                                   segment 2 end time to 2025-06-28 07:30:15
                                
2025-06-28 07:30:15,535 - root - INFO - Segment 2 Complete
2025-06-28 07:30:15,544 - root - INFO - SegCompStat 1
2025-06-28 07:30:15,544 - root - INFO - Polling for 'Running' firing profiles...
