2025-08-13 18:52:03,414 - root - INFO - TotalSeg: 1
2025-08-13 18:52:03,414 - root - INFO - segment is 1 start time is None endtime is None
2025-08-13 18:52:03,938 - root - INFO - Entering Fire function with parameters RunID:207, Seg:1,
              TargetTmp:121, Rate:170, HoldMin:60, Window:30
           
2025-08-13 18:52:03,938 - root - DEBUG - ==>Relay Off before reading temp
2025-08-13 18:52:04,106 - root - INFO - Thermocouple fault: {'cj_range': False, 'tc_range': False, 'cj_high': False, 'cj_low': False, 'tc_high': False, 'tc_low': False, 'voltage': False, 'open_tc': False}
2025-08-13 18:52:04,107 - root - DEBUG - ==>Relay Off before reading temp
2025-08-13 18:52:04,268 - root - INFO - Thermocouple fault: {'cj_range': False, 'tc_range': False, 'cj_high': False, 'cj_low': False, 'tc_high': False, 'tc_low': False, 'voltage': False, 'open_tc': False}
2025-08-13 18:52:04,434 - root - INFO - First pass of firing loop - TargetTmp:121.00,
                          StartTmp:33.64,RampTmp:35.06, TmpDif:87.36,
                          RampMin:30.83, Steps:61, StepTmp:1.42,
                          Window:30, StartSec:1755129124, EndSec:1755134573
                       
2025-08-13 18:52:04,435 - root - DEBUG - Entering PID update with parameters SetPoint:35.06, ProcValue:33.64, IMax:100.00, IMin:0.00,
2025-08-13 18:52:04,435 - root - DEBUG -   Window:30, Kp: 20.000, Ki: 0.200, Kd: 0.200
2025-08-13 18:52:04,435 - root - DEBUG - Exiting PID update with parameters Error:1.42, ITerm:0.28, DInput:33.64, Output:21.89
2025-08-13 18:52:04,435 - root - DEBUG - RunID 207, Segment 1 (loop 1) - RunState:Ramp,
                       ReadTmp:33.64, RampTmp:35.06, TargetTmp:121.00,
                       Output:21.89, CycleOnSec:6.57, RemainTime:1:30:49
                    
2025-08-13 18:52:04,435 - root - DEBUG - ==>Relay On
2025-08-13 18:52:11,002 - root - DEBUG - ==>Relay Off
2025-08-13 18:52:11,002 - root - DEBUG - Writing stats to Firing DB table...
2025-08-13 18:52:11,036 - root - INFO - database writing complete1
2025-08-13 18:52:11,036 - root - INFO - RunState end: Ramp
2025-08-13 18:52:34,000 - root - DEBUG - ==>Relay Off before reading temp
2025-08-13 18:52:34,166 - root - INFO - Thermocouple fault: {'cj_range': False, 'tc_range': False, 'cj_high': False, 'cj_low': False, 'tc_high': False, 'tc_low': False, 'voltage': False, 'open_tc': False}
2025-08-13 18:52:34,331 - root - DEBUG - Entering PID update with parameters SetPoint:36.47, ProcValue:34.35, IMax:100.00, IMin:0.00,
2025-08-13 18:52:34,331 - root - DEBUG -   Window:30, Kp: 20.000, Ki: 0.200, Kd: 0.200
2025-08-13 18:52:34,331 - root - DEBUG - Exiting PID update with parameters Error:2.12, ITerm:0.71, DInput:0.71, Output:43.01
2025-08-13 18:52:34,332 - root - DEBUG - RunID 207, Segment 1 (loop 2) - RunState:Ramp,
                       ReadTmp:34.35, RampTmp:36.47, TargetTmp:121.00,
                       Output:43.01, CycleOnSec:12.90, RemainTime:1:30:19
                    
2025-08-13 18:52:34,332 - root - DEBUG - ==>Relay On
2025-08-13 18:52:47,236 - root - DEBUG - ==>Relay Off
2025-08-13 18:52:47,237 - root - DEBUG - Writing stats to Firing DB table...
2025-08-13 18:52:47,248 - root - INFO - database writing complete1
2025-08-13 18:52:47,248 - root - WARNING - Profile no longer in running state - exiting firing
2025-08-13 18:52:47,248 - root - INFO - RunState end: Stopped
2025-08-13 18:52:47,248 - root - DEBUG - Update run id 207,
                                   segment 1 end time to 2025-08-13 18:52:47
                                
2025-08-13 18:52:47,249 - root - DEBUG - Update run id 207,
                                   segment 1 end time to 2025-08-13 18:52:47
                                
2025-08-13 18:52:47,249 - root - INFO - Segment 1 Complete
2025-08-13 18:52:47,254 - root - INFO - SegCompStat 1
2025-08-13 18:52:47,255 - root - INFO - Polling for 'Running' firing profiles...
