2025-08-14 09:31:10,664 - kiln - INFO - === Run start ===
2025-08-14 09:31:10,675 - kiln - INFO - TotalSeg: 1
2025-08-14 09:31:10,683 - kiln - INFO - Entering segment RunID=208 Seg=1 Target=121 Rate=170 HoldMin=60 Window=30
2025-08-14 09:31:10,685 - kiln - DEBUG - Soft retry 1/3 invalid t=0.0
2025-08-14 09:31:10,887 - kiln - DEBUG - Soft retry 2/3 invalid t=0.0
2025-08-14 09:31:11,091 - kiln - DEBUG - Soft retry 3/3 invalid t=0.0
2025-08-14 09:31:11,291 - kiln - WARNING - Reinitializing MAX31856 object…
2025-08-14 09:31:11,498 - kiln - WARNING - Reinitializing MAX31856 object…
2025-08-14 09:31:11,706 - kiln - WARNING - Full hardware reinit for thermocouple/SPI…
2025-08-14 09:31:11,963 - kiln - ERROR - Thermocouple permanently failed; failing safe. Relays OFF.
2025-08-14 09:31:13,962 - kiln - INFO - === Run start ===
2025-08-14 09:31:13,973 - kiln - INFO - TotalSeg: 1
2025-08-14 09:31:13,981 - kiln - INFO - Entering segment RunID=208 Seg=1 Target=121 Rate=170 HoldMin=60 Window=30
2025-08-14 09:31:13,983 - kiln - DEBUG - Soft retry 1/3 invalid t=0.0
2025-08-14 09:31:14,185 - kiln - DEBUG - Soft retry 2/3 invalid t=0.0
2025-08-14 09:31:14,387 - kiln - DEBUG - Soft retry 3/3 invalid t=0.0
2025-08-14 09:31:14,587 - kiln - WARNING - Reinitializing MAX31856 object…
2025-08-14 09:31:14,790 - kiln - WARNING - Reinitializing MAX31856 object…
2025-08-14 09:31:14,992 - kiln - WARNING - Full hardware reinit for thermocouple/SPI…
2025-08-14 09:31:15,246 - kiln - ERROR - Thermocouple permanently failed; failing safe. Relays OFF.
2025-08-14 09:31:17,197 - kiln - INFO - === Run start ===
2025-08-14 09:31:17,208 - kiln - INFO - TotalSeg: 1
2025-08-14 09:31:17,219 - kiln - INFO - Entering segment RunID=208 Seg=1 Target=121 Rate=170 HoldMin=60 Window=30
2025-08-14 09:31:17,223 - kiln - DEBUG - Soft retry 1/3 invalid t=0.0
2025-08-14 09:31:17,427 - kiln - DEBUG - Soft retry 2/3 invalid t=0.0
2025-08-14 09:31:17,631 - kiln - DEBUG - Soft retry 3/3 invalid t=0.0
2025-08-14 09:31:17,832 - kiln - WARNING - Reinitializing MAX31856 object…
2025-08-14 09:31:18,039 - kiln - WARNING - Reinitializing MAX31856 object…
2025-08-14 09:31:18,246 - kiln - WARNING - Full hardware reinit for thermocouple/SPI…
2025-08-14 09:31:18,503 - kiln - ERROR - Thermocouple permanently failed; failing safe. Relays OFF.
2025-08-14 09:31:20,456 - kiln - INFO - === Run start ===
2025-08-14 09:31:20,466 - kiln - INFO - TotalSeg: 1
2025-08-14 09:31:20,475 - kiln - INFO - Entering segment RunID=208 Seg=1 Target=121 Rate=170 HoldMin=60 Window=30
2025-08-14 09:31:20,477 - kiln - DEBUG - Soft retry 1/3 invalid t=0.0
2025-08-14 09:31:20,678 - kiln - DEBUG - Soft retry 2/3 invalid t=0.0
2025-08-14 09:31:20,880 - kiln - DEBUG - Soft retry 3/3 invalid t=0.0
2025-08-14 09:31:21,080 - kiln - WARNING - Reinitializing MAX31856 object…
2025-08-14 09:31:21,283 - kiln - WARNING - Reinitializing MAX31856 object…
2025-08-14 09:31:21,486 - kiln - WARNING - Full hardware reinit for thermocouple/SPI…
2025-08-14 09:31:21,739 - kiln - ERROR - Thermocouple permanently failed; failing safe. Relays OFF.
2025-08-14 09:31:23,701 - kiln - INFO - === Run start ===
2025-08-14 09:31:23,712 - kiln - INFO - TotalSeg: 1
2025-08-14 09:31:23,723 - kiln - INFO - Entering segment RunID=208 Seg=1 Target=121 Rate=170 HoldMin=60 Window=30
2025-08-14 09:31:23,727 - kiln - DEBUG - Soft retry 1/3 invalid t=0.0
2025-08-14 09:31:23,931 - kiln - DEBUG - Soft retry 2/3 invalid t=0.0
2025-08-14 09:31:24,135 - kiln - DEBUG - Soft retry 3/3 invalid t=0.0
2025-08-14 09:31:24,336 - kiln - WARNING - Reinitializing MAX31856 object…
2025-08-14 09:31:24,543 - kiln - WARNING - Reinitializing MAX31856 object…
2025-08-14 09:31:24,750 - kiln - WARNING - Full hardware reinit for thermocouple/SPI…
2025-08-14 09:31:25,007 - kiln - ERROR - Thermocouple permanently failed; failing safe. Relays OFF.
2025-08-14 09:31:26,963 - kiln - INFO - === Run start ===
2025-08-14 09:31:26,973 - kiln - INFO - TotalSeg: 1
2025-08-14 09:31:26,982 - kiln - INFO - Entering segment RunID=208 Seg=1 Target=121 Rate=170 HoldMin=60 Window=30
2025-08-14 09:31:26,984 - kiln - DEBUG - Soft retry 1/3 invalid t=0.0
2025-08-14 09:31:27,186 - kiln - DEBUG - Soft retry 2/3 invalid t=0.0
2025-08-14 09:31:27,387 - kiln - DEBUG - Soft retry 3/3 invalid t=0.0
2025-08-14 09:31:27,587 - kiln - WARNING - Reinitializing MAX31856 object…
2025-08-14 09:31:27,790 - kiln - WARNING - Reinitializing MAX31856 object…
2025-08-14 09:31:27,993 - kiln - WARNING - Full hardware reinit for thermocouple/SPI…
2025-08-14 09:31:28,246 - kiln - ERROR - Thermocouple permanently failed; failing safe. Relays OFF.
2025-08-14 09:31:30,192 - kiln - INFO - === Run start ===
2025-08-14 09:31:30,202 - kiln - INFO - TotalSeg: 1
2025-08-14 09:31:30,210 - kiln - INFO - Entering segment RunID=208 Seg=1 Target=121 Rate=170 HoldMin=60 Window=30
2025-08-14 09:31:30,212 - kiln - DEBUG - Soft retry 1/3 invalid t=0.0
2025-08-14 09:31:30,413 - kiln - DEBUG - Soft retry 2/3 invalid t=0.0
2025-08-14 09:31:30,615 - kiln - DEBUG - Soft retry 3/3 invalid t=0.0
2025-08-14 09:31:30,815 - kiln - WARNING - Reinitializing MAX31856 object…
2025-08-14 09:31:31,018 - kiln - WARNING - Reinitializing MAX31856 object…
2025-08-14 09:31:31,221 - kiln - WARNING - Full hardware reinit for thermocouple/SPI…
2025-08-14 09:31:31,473 - kiln - ERROR - Thermocouple permanently failed; failing safe. Relays OFF.
2025-08-14 09:31:33,451 - kiln - INFO - === Run start ===
2025-08-14 09:31:33,461 - kiln - INFO - TotalSeg: 1
2025-08-14 09:31:33,469 - kiln - INFO - Entering segment RunID=208 Seg=1 Target=121 Rate=170 HoldMin=60 Window=30
2025-08-14 09:31:33,471 - kiln - DEBUG - Soft retry 1/3 invalid t=0.0
2025-08-14 09:31:33,672 - kiln - DEBUG - Soft retry 2/3 invalid t=0.0
2025-08-14 09:31:33,874 - kiln - DEBUG - Soft retry 3/3 invalid t=0.0
2025-08-14 09:31:34,074 - kiln - WARNING - Reinitializing MAX31856 object…
2025-08-14 09:31:34,277 - kiln - WARNING - Reinitializing MAX31856 object…
2025-08-14 09:31:34,480 - kiln - WARNING - Full hardware reinit for thermocouple/SPI…
2025-08-14 09:31:34,732 - kiln - ERROR - Thermocouple permanently failed; failing safe. Relays OFF.
